2025-11-10 13:27:27 | INFO | ğŸš€ Starting Orbit scan run
2025-11-10 13:27:30 | INFO | ğŸŒ Discovery: example.com â†’ 11 subdomains found
2025-11-10 13:27:30 | INFO | ğŸ“‹ Total targets to scan: 11
2025-11-10 13:27:30 | INFO | ğŸ” Running task: nmap quick â†’ example.com
2025-11-10 13:27:30 | ERROR | âŒ Error while scanning example.com: [Errno 2] No such file or directory: 'nmap'
2025-11-10 13:27:30 | INFO | ğŸ” Running task: shodan lookup â†’ example.com
2025-11-10 13:27:32 | ERROR | âŒ Error while scanning example.com: No module named 'httpx'
2025-11-10 13:27:32 | INFO | ğŸ” Running task: spiderfoot â†’ example.com
2025-11-10 13:27:34 | ERROR | âŒ Error while scanning example.com: HTTPConnectionPool(host='localhost', port=5001): Max retries exceeded with url: /api/scan/new (Caused by NewConnectionError('<urllib3.connection.HTTPConnection object at 0x7a235f043d70>: Failed to establish a new connection: [Errno 111] Connection refused'))
2025-11-10 13:27:34 | INFO | âœ… All tasks complete â€” updating risk metrics...
2025-11-10 13:27:34 | INFO | ğŸ§­ Building updated dashboard...
2025-11-10 13:27:34 | INFO | ğŸª„ Generating diffs...
2025-11-10 13:27:34 | INFO | ğŸ‰ Dashboard and diffs updated successfully.
2025-11-10 13:27:34 | INFO | ğŸ“Š Scan Summary
2025-11-10 13:27:34 | INFO |  â€¢ Total Targets: 3
2025-11-10 13:27:34 | INFO |  â€¢ Average Risk Score: 0.0
2025-11-10 13:27:34 | INFO |  â€¢ Highest Risk: example.com (BLOCKED, None)
2025-11-10 13:27:34 | INFO | â”€â”€â”€â”€â”€â”€â”€â”€â”€â”€â”€â”€â”€â”€â”€â”€â”€â”€â”€â”€â”€â”€â”€â”€â”€â”€â”€â”€
2025-11-10 13:27:34 | INFO | ğŸ§¾ Scan summary logged and audit trail updated
2025-11-10 13:37:02 | INFO | ğŸš€ Starting Orbit scans for: 8.8.8.8
2025-11-10 13:37:02 | INFO | ğŸš€ Starting Orbit scan run
2025-11-10 13:37:14 | INFO | ğŸŒ Discovery: 8.8.8.8 â†’ 1 subdomains found
2025-11-10 13:37:14 | INFO | ğŸ“‹ Total targets to scan: 1
2025-11-10 13:37:14 | INFO | ğŸ” Running task: nmap quick â†’ 8.8.8.8
2025-11-10 13:37:14 | ERROR | âŒ Error while scanning 8.8.8.8: [Errno 2] No such file or directory: 'nmap'
Traceback (most recent call last):
  File "/workspaces/orbitduck/src/orbitduck/core_runner.py", line 154, in run_all
    scan_result["nmap"] = nmap_quick_scan(t.target)
                          ^^^^^^^^^^^^^^^^^^^^^^^^^
  File "/workspaces/orbitduck/src/orbitduck/modules/nmap_scan.py", line 20, in nmap_quick_scan
    return _run(cmd)
           ^^^^^^^^^
  File "/workspaces/orbitduck/src/orbitduck/modules/nmap_scan.py", line 8, in _run
    out = subprocess.run(cmd, capture_output=True, text=True, check=False)
          ^^^^^^^^^^^^^^^^^^^^^^^^^^^^^^^^^^^^^^^^^^^^^^^^^^^^^^^^^^^^^^^^
  File "/usr/lib/python3.12/subprocess.py", line 548, in run
    with Popen(*popenargs, **kwargs) as process:
         ^^^^^^^^^^^^^^^^^^^^^^^^^^^
  File "/usr/lib/python3.12/subprocess.py", line 1026, in __init__
    self._execute_child(args, executable, preexec_fn, close_fds,
  File "/usr/lib/python3.12/subprocess.py", line 1955, in _execute_child
    raise child_exception_type(errno_num, err_msg, err_filename)
FileNotFoundError: [Errno 2] No such file or directory: 'nmap'

2025-11-10 13:37:14 | INFO | ğŸ” Running task: shodan lookup â†’ 8.8.8.8
2025-11-10 13:37:16 | ERROR | âŒ Error while scanning 8.8.8.8: No module named 'httpx'
Traceback (most recent call last):
  File "/workspaces/orbitduck/src/orbitduck/core_runner.py", line 161, in run_all
    from orbitduck.modules.shodan_search import shodan_host_lookup
  File "/workspaces/orbitduck/src/orbitduck/modules/shodan_search.py", line 4, in <module>
    import httpx
ModuleNotFoundError: No module named 'httpx'

2025-11-10 13:37:16 | INFO | ğŸ” Running task: spiderfoot â†’ 8.8.8.8
2025-11-10 13:37:18 | ERROR | âŒ Error while scanning 8.8.8.8: HTTPConnectionPool(host='localhost', port=5001): Max retries exceeded with url: /api/scan/new (Caused by NewConnectionError('<urllib3.connection.HTTPConnection object at 0x7770abb7c2c0>: Failed to establish a new connection: [Errno 111] Connection refused'))
Traceback (most recent call last):
  File "/workspaces/orbitduck/.venv/lib/python3.12/site-packages/urllib3/connection.py", line 198, in _new_conn
    sock = connection.create_connection(
           ^^^^^^^^^^^^^^^^^^^^^^^^^^^^^
  File "/workspaces/orbitduck/.venv/lib/python3.12/site-packages/urllib3/util/connection.py", line 85, in create_connection
    raise err
  File "/workspaces/orbitduck/.venv/lib/python3.12/site-packages/urllib3/util/connection.py", line 73, in create_connection
    sock.connect(sa)
ConnectionRefusedError: [Errno 111] Connection refused

The above exception was the direct cause of the following exception:

Traceback (most recent call last):
  File "/workspaces/orbitduck/.venv/lib/python3.12/site-packages/urllib3/connectionpool.py", line 787, in urlopen
    response = self._make_request(
               ^^^^^^^^^^^^^^^^^^^
  File "/workspaces/orbitduck/.venv/lib/python3.12/site-packages/urllib3/connectionpool.py", line 493, in _make_request
    conn.request(
  File "/workspaces/orbitduck/.venv/lib/python3.12/site-packages/urllib3/connection.py", line 494, in request
    self.endheaders()
  File "/usr/lib/python3.12/http/client.py", line 1331, in endheaders
    self._send_output(message_body, encode_chunked=encode_chunked)
  File "/usr/lib/python3.12/http/client.py", line 1091, in _send_output
    self.send(msg)
  File "/usr/lib/python3.12/http/client.py", line 1035, in send
    self.connect()
  File "/workspaces/orbitduck/.venv/lib/python3.12/site-packages/urllib3/connection.py", line 325, in connect
    self.sock = self._new_conn()
                ^^^^^^^^^^^^^^^^
  File "/workspaces/orbitduck/.venv/lib/python3.12/site-packages/urllib3/connection.py", line 213, in _new_conn
    raise NewConnectionError(
urllib3.exceptions.NewConnectionError: <urllib3.connection.HTTPConnection object at 0x7770abb7c2c0>: Failed to establish a new connection: [Errno 111] Connection refused

The above exception was the direct cause of the following exception:

Traceback (most recent call last):
  File "/workspaces/orbitduck/.venv/lib/python3.12/site-packages/requests/adapters.py", line 644, in send
    resp = conn.urlopen(
           ^^^^^^^^^^^^^
  File "/workspaces/orbitduck/.venv/lib/python3.12/site-packages/urllib3/connectionpool.py", line 841, in urlopen
    retries = retries.increment(
              ^^^^^^^^^^^^^^^^^^
  File "/workspaces/orbitduck/.venv/lib/python3.12/site-packages/urllib3/util/retry.py", line 519, in increment
    raise MaxRetryError(_pool, url, reason) from reason  # type: ignore[arg-type]
    ^^^^^^^^^^^^^^^^^^^^^^^^^^^^^^^^^^^^^^^^^^^^^^^^^^^
urllib3.exceptions.MaxRetryError: HTTPConnectionPool(host='localhost', port=5001): Max retries exceeded with url: /api/scan/new (Caused by NewConnectionError('<urllib3.connection.HTTPConnection object at 0x7770abb7c2c0>: Failed to establish a new connection: [Errno 111] Connection refused'))

During handling of the above exception, another exception occurred:

Traceback (most recent call last):
  File "/workspaces/orbitduck/src/orbitduck/core_runner.py", line 166, in run_all
    scan_id = run_scan(t.target)
              ^^^^^^^^^^^^^^^^^^
  File "/workspaces/orbitduck/src/orbitduck/modules/spiderfoot.py", line 16, in run_scan
    resp = requests.post(f"{BASE_URL}scan/new", json=payload)
           ^^^^^^^^^^^^^^^^^^^^^^^^^^^^^^^^^^^^^^^^^^^^^^^^^^
  File "/workspaces/orbitduck/.venv/lib/python3.12/site-packages/requests/api.py", line 115, in post
    return request("post", url, data=data, json=json, **kwargs)
           ^^^^^^^^^^^^^^^^^^^^^^^^^^^^^^^^^^^^^^^^^^^^^^^^^^^^
  File "/workspaces/orbitduck/.venv/lib/python3.12/site-packages/requests/api.py", line 59, in request
    return session.request(method=method, url=url, **kwargs)
           ^^^^^^^^^^^^^^^^^^^^^^^^^^^^^^^^^^^^^^^^^^^^^^^^^
  File "/workspaces/orbitduck/.venv/lib/python3.12/site-packages/requests/sessions.py", line 589, in request
    resp = self.send(prep, **send_kwargs)
           ^^^^^^^^^^^^^^^^^^^^^^^^^^^^^^
  File "/workspaces/orbitduck/.venv/lib/python3.12/site-packages/requests/sessions.py", line 703, in send
    r = adapter.send(request, **kwargs)
        ^^^^^^^^^^^^^^^^^^^^^^^^^^^^^^^
  File "/workspaces/orbitduck/.venv/lib/python3.12/site-packages/requests/adapters.py", line 677, in send
    raise ConnectionError(e, request=request)
requests.exceptions.ConnectionError: HTTPConnectionPool(host='localhost', port=5001): Max retries exceeded with url: /api/scan/new (Caused by NewConnectionError('<urllib3.connection.HTTPConnection object at 0x7770abb7c2c0>: Failed to establish a new connection: [Errno 111] Connection refused'))

2025-11-10 13:37:18 | INFO | âœ… All tasks complete â€” updating risk metrics...
2025-11-10 13:37:18 | INFO | ğŸ§­ Building updated dashboard...
2025-11-10 13:37:18 | INFO | ğŸª„ Generating diffs...
2025-11-10 13:37:18 | INFO | ğŸ‰ Dashboard and diffs updated successfully.
2025-11-10 13:37:18 | INFO | ğŸ“Š Scan Summary
2025-11-10 13:37:18 | INFO |  â€¢ Total Targets: 3
2025-11-10 13:37:18 | INFO |  â€¢ Average Risk Score: 0.0
2025-11-10 13:37:18 | INFO |  â€¢ Highest Risk: 8.8.8.8 (BLOCKED, None)
2025-11-10 13:37:18 | INFO | â”€â”€â”€â”€â”€â”€â”€â”€â”€â”€â”€â”€â”€â”€â”€â”€â”€â”€â”€â”€â”€â”€â”€â”€â”€â”€â”€â”€
2025-11-10 13:37:18 | INFO | ğŸ§¾ Scan summary logged and audit trail updated
2025-11-10 13:37:32 | INFO | ğŸš€ Starting Orbit scans for: example.com
2025-11-10 13:37:32 | INFO | ğŸš€ Starting Orbit scan run
2025-11-10 13:37:33 | INFO | ğŸŒ Discovery: example.com â†’ 11 subdomains found
2025-11-10 13:37:33 | INFO | ğŸ“‹ Total targets to scan: 11
2025-11-10 13:37:33 | INFO | ğŸ” Running task: nmap quick â†’ example.com
2025-11-10 13:37:33 | ERROR | âŒ Error while scanning example.com: [Errno 2] No such file or directory: 'nmap'
Traceback (most recent call last):
  File "/workspaces/orbitduck/src/orbitduck/core_runner.py", line 154, in run_all
    scan_result["nmap"] = nmap_quick_scan(t.target)
                          ^^^^^^^^^^^^^^^^^^^^^^^^^
  File "/workspaces/orbitduck/src/orbitduck/modules/nmap_scan.py", line 20, in nmap_quick_scan
    return _run(cmd)
           ^^^^^^^^^
  File "/workspaces/orbitduck/src/orbitduck/modules/nmap_scan.py", line 8, in _run
    out = subprocess.run(cmd, capture_output=True, text=True, check=False)
          ^^^^^^^^^^^^^^^^^^^^^^^^^^^^^^^^^^^^^^^^^^^^^^^^^^^^^^^^^^^^^^^^
  File "/usr/lib/python3.12/subprocess.py", line 548, in run
    with Popen(*popenargs, **kwargs) as process:
         ^^^^^^^^^^^^^^^^^^^^^^^^^^^
  File "/usr/lib/python3.12/subprocess.py", line 1026, in __init__
    self._execute_child(args, executable, preexec_fn, close_fds,
  File "/usr/lib/python3.12/subprocess.py", line 1955, in _execute_child
    raise child_exception_type(errno_num, err_msg, err_filename)
FileNotFoundError: [Errno 2] No such file or directory: 'nmap'

2025-11-10 13:37:33 | INFO | ğŸ” Running task: shodan lookup â†’ example.com
2025-11-10 13:37:35 | ERROR | âŒ Error while scanning example.com: No module named 'httpx'
Traceback (most recent call last):
  File "/workspaces/orbitduck/src/orbitduck/core_runner.py", line 161, in run_all
    from orbitduck.modules.shodan_search import shodan_host_lookup
  File "/workspaces/orbitduck/src/orbitduck/modules/shodan_search.py", line 4, in <module>
    import httpx
ModuleNotFoundError: No module named 'httpx'

2025-11-10 13:37:35 | INFO | ğŸ” Running task: spiderfoot â†’ example.com
2025-11-10 13:37:37 | ERROR | âŒ Error while scanning example.com: HTTPConnectionPool(host='localhost', port=5001): Max retries exceeded with url: /api/scan/new (Caused by NewConnectionError('<urllib3.connection.HTTPConnection object at 0x7132e995c800>: Failed to establish a new connection: [Errno 111] Connection refused'))
Traceback (most recent call last):
  File "/workspaces/orbitduck/.venv/lib/python3.12/site-packages/urllib3/connection.py", line 198, in _new_conn
    sock = connection.create_connection(
           ^^^^^^^^^^^^^^^^^^^^^^^^^^^^^
  File "/workspaces/orbitduck/.venv/lib/python3.12/site-packages/urllib3/util/connection.py", line 85, in create_connection
    raise err
  File "/workspaces/orbitduck/.venv/lib/python3.12/site-packages/urllib3/util/connection.py", line 73, in create_connection
    sock.connect(sa)
ConnectionRefusedError: [Errno 111] Connection refused

The above exception was the direct cause of the following exception:

Traceback (most recent call last):
  File "/workspaces/orbitduck/.venv/lib/python3.12/site-packages/urllib3/connectionpool.py", line 787, in urlopen
    response = self._make_request(
               ^^^^^^^^^^^^^^^^^^^
  File "/workspaces/orbitduck/.venv/lib/python3.12/site-packages/urllib3/connectionpool.py", line 493, in _make_request
    conn.request(
  File "/workspaces/orbitduck/.venv/lib/python3.12/site-packages/urllib3/connection.py", line 494, in request
    self.endheaders()
  File "/usr/lib/python3.12/http/client.py", line 1331, in endheaders
    self._send_output(message_body, encode_chunked=encode_chunked)
  File "/usr/lib/python3.12/http/client.py", line 1091, in _send_output
    self.send(msg)
  File "/usr/lib/python3.12/http/client.py", line 1035, in send
    self.connect()
  File "/workspaces/orbitduck/.venv/lib/python3.12/site-packages/urllib3/connection.py", line 325, in connect
    self.sock = self._new_conn()
                ^^^^^^^^^^^^^^^^
  File "/workspaces/orbitduck/.venv/lib/python3.12/site-packages/urllib3/connection.py", line 213, in _new_conn
    raise NewConnectionError(
urllib3.exceptions.NewConnectionError: <urllib3.connection.HTTPConnection object at 0x7132e995c800>: Failed to establish a new connection: [Errno 111] Connection refused

The above exception was the direct cause of the following exception:

Traceback (most recent call last):
  File "/workspaces/orbitduck/.venv/lib/python3.12/site-packages/requests/adapters.py", line 644, in send
    resp = conn.urlopen(
           ^^^^^^^^^^^^^
  File "/workspaces/orbitduck/.venv/lib/python3.12/site-packages/urllib3/connectionpool.py", line 841, in urlopen
    retries = retries.increment(
              ^^^^^^^^^^^^^^^^^^
  File "/workspaces/orbitduck/.venv/lib/python3.12/site-packages/urllib3/util/retry.py", line 519, in increment
    raise MaxRetryError(_pool, url, reason) from reason  # type: ignore[arg-type]
    ^^^^^^^^^^^^^^^^^^^^^^^^^^^^^^^^^^^^^^^^^^^^^^^^^^^
urllib3.exceptions.MaxRetryError: HTTPConnectionPool(host='localhost', port=5001): Max retries exceeded with url: /api/scan/new (Caused by NewConnectionError('<urllib3.connection.HTTPConnection object at 0x7132e995c800>: Failed to establish a new connection: [Errno 111] Connection refused'))

During handling of the above exception, another exception occurred:

Traceback (most recent call last):
  File "/workspaces/orbitduck/src/orbitduck/core_runner.py", line 166, in run_all
    scan_id = run_scan(t.target)
              ^^^^^^^^^^^^^^^^^^
  File "/workspaces/orbitduck/src/orbitduck/modules/spiderfoot.py", line 16, in run_scan
    resp = requests.post(f"{BASE_URL}scan/new", json=payload)
           ^^^^^^^^^^^^^^^^^^^^^^^^^^^^^^^^^^^^^^^^^^^^^^^^^^
  File "/workspaces/orbitduck/.venv/lib/python3.12/site-packages/requests/api.py", line 115, in post
    return request("post", url, data=data, json=json, **kwargs)
           ^^^^^^^^^^^^^^^^^^^^^^^^^^^^^^^^^^^^^^^^^^^^^^^^^^^^
  File "/workspaces/orbitduck/.venv/lib/python3.12/site-packages/requests/api.py", line 59, in request
    return session.request(method=method, url=url, **kwargs)
           ^^^^^^^^^^^^^^^^^^^^^^^^^^^^^^^^^^^^^^^^^^^^^^^^^
  File "/workspaces/orbitduck/.venv/lib/python3.12/site-packages/requests/sessions.py", line 589, in request
    resp = self.send(prep, **send_kwargs)
           ^^^^^^^^^^^^^^^^^^^^^^^^^^^^^^
  File "/workspaces/orbitduck/.venv/lib/python3.12/site-packages/requests/sessions.py", line 703, in send
    r = adapter.send(request, **kwargs)
        ^^^^^^^^^^^^^^^^^^^^^^^^^^^^^^^
  File "/workspaces/orbitduck/.venv/lib/python3.12/site-packages/requests/adapters.py", line 677, in send
    raise ConnectionError(e, request=request)
requests.exceptions.ConnectionError: HTTPConnectionPool(host='localhost', port=5001): Max retries exceeded with url: /api/scan/new (Caused by NewConnectionError('<urllib3.connection.HTTPConnection object at 0x7132e995c800>: Failed to establish a new connection: [Errno 111] Connection refused'))

2025-11-10 13:37:37 | INFO | âœ… All tasks complete â€” updating risk metrics...
2025-11-10 13:37:37 | INFO | ğŸ§­ Building updated dashboard...
2025-11-10 13:37:38 | INFO | ğŸª„ Generating diffs...
2025-11-10 13:37:38 | INFO | ğŸ‰ Dashboard and diffs updated successfully.
2025-11-10 13:37:38 | INFO | ğŸ“Š Scan Summary
2025-11-10 13:37:38 | INFO |  â€¢ Total Targets: 3
2025-11-10 13:37:38 | INFO |  â€¢ Average Risk Score: 0.0
2025-11-10 13:37:38 | INFO |  â€¢ Highest Risk: example.com (BLOCKED, None)
2025-11-10 13:37:38 | INFO | â”€â”€â”€â”€â”€â”€â”€â”€â”€â”€â”€â”€â”€â”€â”€â”€â”€â”€â”€â”€â”€â”€â”€â”€â”€â”€â”€â”€
2025-11-10 13:37:38 | INFO | ğŸ§¾ Scan summary logged and audit trail updated
2025-11-10 13:54:01 | INFO | ğŸš€ Starting Orbit scans for: example.com
2025-11-10 13:54:01 | INFO | ğŸš€ Starting Orbit scan run
2025-11-10 13:54:03 | INFO | ğŸŒ Discovery: example.com â†’ 11 subdomains found
2025-11-10 13:54:03 | INFO | ğŸ“‹ Total targets to scan: 11
2025-11-10 13:54:03 | INFO | ğŸ” Running task: nmap quick â†’ example.com
2025-11-10 13:54:08 | INFO | ğŸ” Running task: shodan lookup â†’ example.com
2025-11-10 13:54:08 | INFO | ğŸ” Running task: spiderfoot â†’ example.com
2025-11-10 13:54:10 | INFO | âœ… All tasks complete â€” updating risk metrics...
2025-11-10 13:54:10 | INFO | ğŸ§­ Building updated dashboard...
2025-11-10 13:54:10 | INFO | ğŸª„ Generating diffs...
2025-11-10 13:54:10 | INFO | ğŸ‰ Dashboard and diffs updated successfully.
2025-11-10 13:54:10 | INFO | ğŸ“Š Scan Summary
2025-11-10 13:54:10 | INFO |  â€¢ Total Targets: 3
2025-11-10 13:54:10 | INFO |  â€¢ Average Risk Score: 0.0
2025-11-10 13:54:10 | INFO |  â€¢ Highest Risk: example.com (BLOCKED, None)
2025-11-10 13:54:10 | INFO | â”€â”€â”€â”€â”€â”€â”€â”€â”€â”€â”€â”€â”€â”€â”€â”€â”€â”€â”€â”€â”€â”€â”€â”€â”€â”€â”€â”€
2025-11-10 13:54:10 | INFO | ğŸ§¾ Scan summary logged and audit trail updated
2025-11-10 14:00:20 | INFO | ğŸš€ Starting Orbit scans for: example.com
2025-11-10 14:00:20 | INFO | ğŸš€ Starting Orbit scan run
2025-11-10 14:00:22 | INFO | ğŸŒ Discovery: example.com â†’ 11 subdomains found
2025-11-10 14:00:22 | INFO | ğŸ“‹ Total targets to scan: 11
2025-11-10 14:00:22 | INFO | ğŸ” Running task: nmap quick â†’ example.com
2025-11-10 14:00:22 | ERROR | âŒ CRITICAL - OrbitDuck crashed: name '_last_scan_time' is not defined
Traceback (most recent call last):
  File "/workspaces/orbitduck/src/orbitduck/core_runner.py", line 302, in <module>
    runner.run_all()
  File "/workspaces/orbitduck/src/orbitduck/core_runner.py", line 163, in run_all
    _wait_for_rate_limit()
  File "/workspaces/orbitduck/src/orbitduck/core_runner.py", line 97, in _wait_for_rate_limit
    elapsed = now - _last_scan_time
                    ^^^^^^^^^^^^^^^
NameError: name '_last_scan_time' is not defined

2025-11-10 14:00:22 | ERROR | ğŸ’¥ OrbitDuck encountered a fatal error. Check error.log for details.
2025-11-10 14:02:04 | INFO | ğŸš€ Starting Orbit scans for: example.com
2025-11-10 14:02:04 | INFO | ğŸš€ Starting Orbit scan run
2025-11-10 14:02:06 | INFO | ğŸŒ Discovery: example.com â†’ 11 subdomains found
2025-11-10 14:02:06 | INFO | ğŸ“‹ Total targets to scan: 11
2025-11-10 14:02:06 | INFO | ğŸ” Running task: nmap quick â†’ example.com
2025-11-10 14:02:10 | INFO | ğŸ” Running task: shodan lookup â†’ example.com
2025-11-10 14:02:11 | INFO | ğŸ” Running task: spiderfoot â†’ example.com
2025-11-10 14:02:16 | INFO | âœ… All tasks complete â€” updating risk metrics...
2025-11-10 14:02:16 | INFO | ğŸ§­ Building updated dashboard...
2025-11-10 14:02:16 | INFO | ğŸª„ Generating diffs...
2025-11-10 14:02:16 | INFO | ğŸ‰ Dashboard and diffs updated successfully.
2025-11-10 14:02:16 | INFO | ğŸ“Š Scan Summary
2025-11-10 14:02:16 | INFO |  â€¢ Total Targets: 3
2025-11-10 14:02:16 | INFO |  â€¢ Average Risk Score: 0.0
2025-11-10 14:02:16 | INFO |  â€¢ Highest Risk: example.com (BLOCKED, None)
2025-11-10 14:02:16 | INFO | â”€â”€â”€â”€â”€â”€â”€â”€â”€â”€â”€â”€â”€â”€â”€â”€â”€â”€â”€â”€â”€â”€â”€â”€â”€â”€â”€â”€
2025-11-10 14:02:16 | INFO | ğŸ§¾ Scan summary logged and audit trail updated
2025-11-10 14:12:30 | INFO | ğŸš€ Starting Orbit scans for: example.com
2025-11-10 14:12:30 | INFO | ğŸš€ Starting Orbit scan run
2025-11-10 14:12:32 | INFO | ğŸŒ Discovery: example.com â†’ 11 subdomains found
2025-11-10 14:12:32 | INFO | ğŸ“‹ Total targets to scan: 11
2025-11-10 14:12:32 | INFO | ğŸ” Running task: nmap quick â†’ example.com
2025-11-10 14:12:39 | INFO | ğŸ” Running task: shodan lookup â†’ example.com
2025-11-10 14:12:39 | INFO | ğŸ” Running task: spiderfoot â†’ example.com
2025-11-10 14:12:44 | INFO | âœ… All tasks complete â€” updating risk metrics...
2025-11-10 14:12:44 | INFO | ğŸ§­ Building updated dashboard...
2025-11-10 14:12:44 | INFO | ğŸª„ Generating diffs...
2025-11-10 14:12:44 | INFO | ğŸ‰ Dashboard and diffs updated successfully.
2025-11-10 14:12:44 | INFO | ğŸ“Š Scan Summary
2025-11-10 14:12:44 | INFO |  â€¢ Total Targets: 3
2025-11-10 14:12:44 | INFO |  â€¢ Average Risk Score: 0.0
2025-11-10 14:12:44 | INFO |  â€¢ Highest Risk: example.com (BLOCKED, None)
2025-11-10 14:12:44 | INFO | â”€â”€â”€â”€â”€â”€â”€â”€â”€â”€â”€â”€â”€â”€â”€â”€â”€â”€â”€â”€â”€â”€â”€â”€â”€â”€â”€â”€
2025-11-10 14:12:44 | INFO | ğŸ§¾ Scan summary logged and audit trail updated
2025-11-10 14:16:30 | INFO | ğŸš€ Starting Orbit scans for: example.com
2025-11-10 14:16:30 | ERROR | âŒ CRITICAL - OrbitDuck crashed: name 'show_startup_banner' is not defined
Traceback (most recent call last):
  File "/workspaces/orbitduck/src/orbitduck/core_runner.py", line 339, in <module>
    runner.run_all()
  File "/workspaces/orbitduck/src/orbitduck/core_runner.py", line 156, in run_all
    show_startup_banner()
    ^^^^^^^^^^^^^^^^^^^
NameError: name 'show_startup_banner' is not defined

2025-11-10 14:16:30 | ERROR | ğŸ’¥ OrbitDuck encountered a fatal error. Check error.log for details.
2025-11-10 14:17:23 | INFO | ğŸš€ Starting Orbit scans for: example.com
2025-11-10 14:17:23 | INFO | ğŸš€ Starting Orbit scan run
2025-11-10 14:17:24 | INFO | ğŸŒ Discovery: example.com â†’ 11 subdomains found
2025-11-10 14:17:24 | INFO | ğŸ“‹ Total targets to scan: 11
2025-11-10 14:17:24 | INFO | ğŸ” Running task: nmap quick â†’ example.com
2025-11-10 14:17:29 | INFO | ğŸ” Running task: shodan lookup â†’ example.com
2025-11-10 14:17:29 | INFO | ğŸ” Running task: spiderfoot â†’ example.com
2025-11-10 14:17:34 | INFO | âœ… All tasks complete â€” updating risk metrics...
2025-11-10 14:17:34 | INFO | ğŸ§­ Building updated dashboard...
2025-11-10 14:17:35 | INFO | ğŸª„ Generating diffs...
2025-11-10 14:17:35 | INFO | ğŸ‰ Dashboard and diffs updated successfully.
2025-11-10 14:17:35 | INFO | ğŸ“Š Scan Summary
2025-11-10 14:17:35 | INFO |  â€¢ Total Targets: 3
2025-11-10 14:17:35 | INFO |  â€¢ Average Risk Score: 0.0
2025-11-10 14:17:35 | INFO |  â€¢ Highest Risk: example.com (BLOCKED, None)
2025-11-10 14:17:35 | INFO | â”€â”€â”€â”€â”€â”€â”€â”€â”€â”€â”€â”€â”€â”€â”€â”€â”€â”€â”€â”€â”€â”€â”€â”€â”€â”€â”€â”€
2025-11-10 14:17:35 | INFO | ğŸ§¾ Scan summary logged and audit trail updated
2025-11-10 14:18:51 | INFO | ğŸš€ Starting Orbit scans for: example.com
2025-11-10 14:18:51 | INFO | ğŸš€ Starting Orbit scan run
2025-11-10 14:18:53 | INFO | ğŸŒ Discovery: example.com â†’ 11 subdomains found
2025-11-10 14:18:53 | INFO | ğŸ“‹ Total targets to scan: 11
2025-11-10 14:18:53 | INFO | ğŸ” Running task: nmap quick â†’ example.com
2025-11-10 14:18:57 | INFO | ğŸ” Running task: shodan lookup â†’ example.com
2025-11-10 14:18:58 | INFO | ğŸ” Running task: spiderfoot â†’ example.com
2025-11-10 14:19:03 | INFO | âœ… All tasks complete â€” updating risk metrics...
2025-11-10 14:19:03 | INFO | ğŸ§­ Building updated dashboard...
2025-11-10 14:19:03 | INFO | ğŸª„ Generating diffs...
2025-11-10 14:19:03 | INFO | ğŸ‰ Dashboard and diffs updated successfully.
2025-11-10 14:19:03 | INFO | ğŸ“Š Scan Summary
2025-11-10 14:19:03 | INFO |  â€¢ Total Targets: 3
2025-11-10 14:19:03 | INFO |  â€¢ Average Risk Score: 0.0
2025-11-10 14:19:03 | INFO |  â€¢ Highest Risk: example.com (BLOCKED, None)
2025-11-10 14:19:03 | INFO | â”€â”€â”€â”€â”€â”€â”€â”€â”€â”€â”€â”€â”€â”€â”€â”€â”€â”€â”€â”€â”€â”€â”€â”€â”€â”€â”€â”€
2025-11-10 14:19:03 | INFO | ğŸ§¾ Scan summary logged and audit trail updated
2025-11-10 14:21:33 | INFO | ğŸš€ Starting Orbit scans for: example.com
2025-11-10 14:21:33 | ERROR | âŒ CRITICAL - OrbitDuck crashed: type object 'datetime.datetime' has no attribute 'datetime'
Traceback (most recent call last):
  File "/workspaces/orbitduck/src/orbitduck/core_runner.py", line 344, in <module>
    runner.run_all()
  File "/workspaces/orbitduck/src/orbitduck/core_runner.py", line 161, in run_all
    show_startup_banner()
  File "/workspaces/orbitduck/src/orbitduck/core_runner.py", line 33, in show_startup_banner
    timestamp = datetime.datetime.now().strftime("%Y-%m-%d %H:%M:%S")
                ^^^^^^^^^^^^^^^^^
AttributeError: type object 'datetime.datetime' has no attribute 'datetime'

2025-11-10 14:21:33 | ERROR | ğŸ’¥ OrbitDuck encountered a fatal error. Check error.log for details.
2025-11-10 14:22:41 | INFO | ğŸš€ Starting Orbit scans for: example.com
2025-11-10 14:22:41 | INFO | ğŸš€ Starting Orbit scan run
2025-11-10 14:22:43 | INFO | ğŸŒ Discovery: example.com â†’ 11 subdomains found
2025-11-10 14:22:43 | INFO | ğŸ“‹ Total targets to scan: 11
2025-11-10 14:22:43 | INFO | ğŸ” Running task: nmap quick â†’ example.com
2025-11-10 14:22:49 | INFO | ğŸ” Running task: shodan lookup â†’ example.com
2025-11-10 14:22:49 | INFO | ğŸ” Running task: spiderfoot â†’ example.com
2025-11-10 14:22:54 | INFO | âœ… All tasks complete â€” updating risk metrics...
2025-11-10 14:22:54 | INFO | ğŸ§­ Building updated dashboard...
2025-11-10 14:22:55 | INFO | ğŸª„ Generating diffs...
2025-11-10 14:22:55 | INFO | ğŸ‰ Dashboard and diffs updated successfully.
2025-11-10 14:22:55 | INFO | ğŸ“Š Scan Summary
2025-11-10 14:22:55 | INFO |  â€¢ Total Targets: 3
2025-11-10 14:22:55 | INFO |  â€¢ Average Risk Score: 0.0
2025-11-10 14:22:55 | INFO |  â€¢ Highest Risk: example.com (BLOCKED, None)
2025-11-10 14:22:55 | INFO | â”€â”€â”€â”€â”€â”€â”€â”€â”€â”€â”€â”€â”€â”€â”€â”€â”€â”€â”€â”€â”€â”€â”€â”€â”€â”€â”€â”€
2025-11-10 14:22:55 | INFO | ğŸ§¾ Scan summary logged and audit trail updated
2025-11-10 14:24:33 | INFO | ğŸš€ Starting Orbit scans for: example.com
2025-11-10 14:24:33 | INFO | ğŸš€ Starting Orbit scan run
2025-11-10 14:24:35 | INFO | ğŸŒ Discovery: example.com â†’ 11 subdomains found
2025-11-10 14:24:35 | INFO | ğŸ“‹ Total targets to scan: 11
2025-11-10 14:24:35 | INFO | ğŸ” Running task: nmap quick â†’ example.com
2025-11-10 14:24:39 | INFO | ğŸ” Running task: shodan lookup â†’ example.com
2025-11-10 14:24:40 | INFO | ğŸ” Running task: spiderfoot â†’ example.com
2025-11-10 14:24:45 | INFO | âœ… All tasks complete â€” updating risk metrics...
2025-11-10 14:24:45 | INFO | ğŸ§­ Building updated dashboard...
2025-11-10 14:24:45 | INFO | ğŸª„ Generating diffs...
2025-11-10 14:24:45 | INFO | ğŸ‰ Dashboard and diffs updated successfully.
2025-11-10 14:24:45 | INFO | ğŸ“Š Scan Summary
2025-11-10 14:24:45 | INFO |  â€¢ Total Targets: 3
2025-11-10 14:24:45 | INFO |  â€¢ Average Risk Score: 0.0
2025-11-10 14:24:45 | INFO |  â€¢ Highest Risk: example.com (BLOCKED, None)
2025-11-10 14:24:45 | INFO | â”€â”€â”€â”€â”€â”€â”€â”€â”€â”€â”€â”€â”€â”€â”€â”€â”€â”€â”€â”€â”€â”€â”€â”€â”€â”€â”€â”€
2025-11-10 14:24:45 | INFO | ğŸ§¾ Scan summary logged and audit trail updated
2025-11-10 14:26:11 | INFO | ğŸš€ Starting Orbit scans for: example.com
2025-11-10 14:26:11 | INFO | ğŸš€ Starting Orbit scan run
2025-11-10 14:26:13 | INFO | ğŸŒ Discovery: example.com â†’ 11 subdomains found
2025-11-10 14:26:13 | INFO | ğŸ“‹ Total targets to scan: 11
2025-11-10 14:26:13 | INFO | ğŸ” Running task: nmap quick â†’ example.com
2025-11-10 14:26:18 | INFO | ğŸ” Running task: shodan lookup â†’ example.com
2025-11-10 14:26:19 | INFO | ğŸ” Running task: spiderfoot â†’ example.com
2025-11-10 14:26:23 | INFO | âœ… All tasks complete â€” updating risk metrics...
2025-11-10 14:26:23 | INFO | ğŸ§­ Building updated dashboard...
2025-11-10 14:26:24 | INFO | ğŸª„ Generating diffs...
2025-11-10 14:26:24 | INFO | ğŸ‰ Dashboard and diffs updated successfully.
2025-11-10 14:26:24 | INFO | ğŸ“Š Scan Summary
2025-11-10 14:26:24 | INFO |  â€¢ Total Targets: 3
2025-11-10 14:26:24 | INFO |  â€¢ Average Risk Score: 0.0
2025-11-10 14:26:24 | INFO |  â€¢ Highest Risk: example.com (BLOCKED, None)
2025-11-10 14:26:24 | INFO | â”€â”€â”€â”€â”€â”€â”€â”€â”€â”€â”€â”€â”€â”€â”€â”€â”€â”€â”€â”€â”€â”€â”€â”€â”€â”€â”€â”€
2025-11-10 14:26:24 | INFO | ğŸ§¾ Scan summary logged and audit trail updated
2025-11-10 14:27:44 | INFO | ğŸš€ Starting Orbit scans for: example.com
2025-11-10 14:27:44 | INFO | ğŸš€ Starting Orbit scan run
2025-11-10 14:27:46 | INFO | ğŸŒ Discovery: example.com â†’ 11 subdomains found
2025-11-10 14:27:46 | INFO | ğŸ“‹ Total targets to scan: 11
2025-11-10 14:27:46 | INFO | ğŸ” Running task: nmap quick â†’ example.com
2025-11-10 14:27:52 | INFO | ğŸ” Running task: shodan lookup â†’ example.com
2025-11-10 14:27:52 | INFO | ğŸ” Running task: spiderfoot â†’ example.com
2025-11-10 14:27:57 | INFO | âœ… All tasks complete â€” updating risk metrics...
2025-11-10 14:27:57 | INFO | ğŸ§­ Building updated dashboard...
2025-11-10 14:27:57 | INFO | ğŸª„ Generating diffs...
2025-11-10 14:27:57 | INFO | ğŸ‰ Dashboard and diffs updated successfully.
2025-11-10 14:27:57 | INFO | ğŸ“Š Scan Summary
2025-11-10 14:27:57 | INFO |  â€¢ Total Targets: 3
2025-11-10 14:27:57 | INFO |  â€¢ Average Risk Score: 0.0
2025-11-10 14:27:57 | INFO |  â€¢ Highest Risk: example.com (BLOCKED, None)
2025-11-10 14:27:57 | INFO | â”€â”€â”€â”€â”€â”€â”€â”€â”€â”€â”€â”€â”€â”€â”€â”€â”€â”€â”€â”€â”€â”€â”€â”€â”€â”€â”€â”€
2025-11-10 14:27:57 | INFO | ğŸ§¾ Scan summary logged and audit trail updated
2025-11-11 01:43:23 | INFO |  • Total Targets: 3
2025-11-11 01:43:23 | INFO |  • Average Risk Score: 0.0
2025-11-11 01:43:23 | INFO |  • Highest Risk: example.com (BLOCKED, None)
2025-11-11 01:44:34 | INFO |  • Total Targets: 3
2025-11-11 01:44:34 | INFO |  • Average Risk Score: 0.0
2025-11-11 01:44:34 | INFO |  • Highest Risk: example.com (BLOCKED, None)
2025-11-11 01:47:20 | INFO |  • Total Targets: 3
2025-11-11 01:47:20 | INFO |  • Average Risk Score: 0.0
2025-11-11 01:47:20 | INFO |  • Highest Risk: example.com (BLOCKED, None)
2025-11-11 01:50:07 | INFO |  • Total Targets: 3
2025-11-11 01:50:07 | INFO |  • Average Risk Score: 0.0
2025-11-11 01:50:07 | INFO |  • Highest Risk: example.com (BLOCKED, None)
2025-11-11 01:52:08 | INFO |  • Total Targets: 3
2025-11-11 01:52:08 | INFO |  • Average Risk Score: 0.0
2025-11-11 01:52:08 | INFO |  • Highest Risk: example.com (BLOCKED, None)
2025-11-11 01:54:42 | INFO |  • Total Targets: 3
2025-11-11 01:54:42 | INFO |  • Average Risk Score: 0.0
2025-11-11 01:54:42 | INFO |  • Highest Risk: example.com (BLOCKED, None)
2025-11-11 01:56:38 | INFO |  • Total Targets: 3
2025-11-11 01:56:38 | INFO |  • Average Risk Score: 0.0
2025-11-11 01:56:38 | INFO |  • Highest Risk: example.com (BLOCKED, None)
2025-11-11 08:36:21 | INFO |  • Total Targets: 3
2025-11-11 08:36:21 | INFO |  • Average Risk Score: 0.0
2025-11-11 08:36:21 | INFO |  • Highest Risk: example.com (BLOCKED, None)
2025-11-11 08:48:46 | ERROR | [ERROR] OrbitDuck encountered a fatal error. Check error.log for details.
2025-11-11 08:54:55 | ERROR | [ERROR] OrbitDuck encountered a fatal error. Check error.log for details.
2025-11-11 08:55:07 | INFO | [INFO] Starting Orbit scans for: example.com
2025-11-11 08:55:07 | INFO | [START] Beginning Orbit scan run
2025-11-11 08:55:11 | INFO | [DISCOVERY] example.com -> 1 subdomains found
2025-11-11 08:55:11 | INFO | [SUMMARY] Total targets to scan: 2
2025-11-11 08:55:11 | INFO | [TASK] nmap quick -> example.com
2025-11-11 08:55:11 | INFO | [TASK] shodan lookup -> example.com
2025-11-11 08:55:17 | INFO | [TASK] spiderfoot -> example.com
2025-11-11 08:55:30 | INFO | [DONE] All tasks complete — updating risk metrics...
2025-11-11 08:55:30 | INFO | [DASHBOARD] Building updated dashboard...
2025-11-11 08:55:30 | INFO | [DIFF] Generating diffs...
2025-11-11 08:55:30 | INFO | [SUCCESS] Dashboard and diffs updated successfully.
2025-11-11 08:55:30 | INFO | [REPORT] Scan Summary
2025-11-11 08:55:30 | INFO |  • Total Targets: 3
2025-11-11 08:55:30 | INFO |  • Average Risk Score: 0.0
2025-11-11 08:55:30 | INFO |  • Highest Risk: example.com (BLOCKED, None)
2025-11-11 08:55:30 | INFO | [AUDIT] Scan summary logged and audit trail updated
2025-11-11 08:57:23 | INFO | [INFO] Starting Orbit scans for: example.com
2025-11-11 08:57:23 | INFO | [START] Beginning Orbit scan run
2025-11-11 08:57:25 | INFO | [DISCOVERY] example.com -> 1 subdomains found
2025-11-11 08:57:25 | INFO | [SUMMARY] Total targets to scan: 2
2025-11-11 08:57:25 | INFO | [TASK] nmap quick -> example.com
2025-11-11 08:57:25 | INFO | [TASK] shodan lookup -> example.com
2025-11-11 08:57:30 | INFO | [TASK] spiderfoot -> example.com
2025-11-11 08:57:43 | INFO | [DONE] All tasks complete — updating risk metrics...
2025-11-11 08:57:43 | INFO | [DASHBOARD] Building updated dashboard...
2025-11-11 08:57:43 | INFO | [DIFF] Generating diffs...
2025-11-11 08:57:43 | INFO | [SUCCESS] Dashboard and diffs updated successfully.
2025-11-11 08:57:43 | INFO | [REPORT] Scan Summary
2025-11-11 08:57:43 | INFO |  • Total Targets: 3
2025-11-11 08:57:43 | INFO |  • Average Risk Score: 0.0
2025-11-11 08:57:43 | INFO |  • Highest Risk: example.com (BLOCKED, None)
2025-11-11 08:57:43 | INFO | ----------------------------------------
2025-11-11 08:57:43 | INFO | [AUDIT] Scan summary logged and audit trail updated
